Build started 26/06/2017 17:03:34.
     1>Project "\\psf\Home\Documents\qcode\QCDValuationEngine\QC_DVE_PYBIND\QC_DVE_PYBIND.vcxproj" on node 4 (Build target(s)).
     1>C:\Program Files (x86)\MSBuild\Microsoft.Cpp\v4.0\V120\Microsoft.CppBuild.targets(364,5): warning MSB8004: Output Directory does not end with a trailing slash.  This build instance will add the slash as it is required to allow proper evaluation of the Output Directory.
     1>ClCompile:
         C:\Program Files (x86)\Microsoft Visual Studio 12.0\VC\bin\CL.exe /c /Zi /nologo /W3 /WX- /sdl /O2 /Oi /Oy- /GL /D WIN32 /D NDEBUG /D _WINDOWS /D _USRDLL /D QC_DVE_PYBIND_EXPORTS /D _WINDLL /D _UNICODE /D UNICODE /Gm- /EHsc /MD /GS /Gy /fp:precise /Zc:wchar_t /Zc:forScope /Fo"Release\\" /Fd"Release\vc120.pdb" /Gd /TP /analyze- /errorReport:prompt ..\QC_DVE_CORE\source\QCDiscountBondPayoff.cpp ..\QC_DVE_CORE\source\QCFXForward.cpp ..\QC_DVE_CORE\source\QCFixedRatePayoff.cpp ..\QC_DVE_CORE\source\QCFloatingRatePayoff.cpp ..\QC_DVE_CORE\source\QCIcpClfPayoff.cpp ..\QC_DVE_CORE\source\QCIcpClpPayoff.cpp ..\QC_DVE_CORE\source\QCInterestRatePayoff.cpp ..\QC_DVE_CORE\source\QCTimeDepositPayoff.cpp ..\QC_DVE_CORE\source\QCZeroCurveBootstrappingFromRates.cpp ..\QC_DVE_CORE\source\QCZeroCurveBootstrappingFromRatesAndFixedLegs.cpp ..\QC_DVE_CORE\source\QCZeroCurveBootstrappingFromRatesAndFloatingLegsProjCurve.cpp ..\QC_DVE_CORE\source\QCZeroCurveBootstrappingFromRatesFwdsAndFixedLegs.cpp ..\QC_DVE_CORE\source\QCZeroCurveBootstrappingFromRatesFwdsAndFloatingLegs.cpp main.cpp
         QCDiscountBondPayoff.cpp
         QCFXForward.cpp
         QCFixedRatePayoff.cpp
         QCFloatingRatePayoff.cpp
     1>..\QC_DVE_CORE\source\QCFloatingRatePayoff.cpp(55): warning C4018: '<' : signed/unsigned mismatch
     1>..\QC_DVE_CORE\source\QCFloatingRatePayoff.cpp(85): warning C4018: '<' : signed/unsigned mismatch
         QCIcpClfPayoff.cpp
     1>..\QC_DVE_CORE\source\QCIcpClfPayoff.cpp(86): warning C4018: '<' : signed/unsigned mismatch
     1>..\QC_DVE_CORE\source\QCIcpClfPayoff.cpp(116): warning C4018: '<' : signed/unsigned mismatch
         QCIcpClpPayoff.cpp
     1>..\QC_DVE_CORE\source\QCIcpClpPayoff.cpp(85): warning C4018: '<' : signed/unsigned mismatch
     1>..\QC_DVE_CORE\source\QCIcpClpPayoff.cpp(121): warning C4018: '<' : signed/unsigned mismatch
         QCInterestRatePayoff.cpp
     1>..\QC_DVE_CORE\source\QCInterestRatePayoff.cpp(167): warning C4018: '<' : signed/unsigned mismatch
         QCTimeDepositPayoff.cpp
         QCZeroCurveBootstrappingFromRates.cpp
     1>\\psf\home\documents\qcode\qcdvaluationengine\qc_dve_core\include\QCDiscountBondPayoff.h(13): error C2236: unexpected token 'class'. Did you forget a ';'?
     1>\\psf\home\documents\qcode\qcdvaluationengine\qc_dve_core\include\QCDiscountBondPayoff.h(13): error C2143: syntax error : missing ';' before ':'
     1>\\psf\home\documents\qcode\qcdvaluationengine\qc_dve_core\include\QCDiscountBondPayoff.h(13): error C2059: syntax error : ':'
     1>\\psf\home\documents\qcode\qcdvaluationengine\qc_dve_core\include\QCDiscountBondPayoff.h(13): error C2059: syntax error : 'public'
     1>\\psf\home\documents\qcode\qcdvaluationengine\qc_dve_core\include\QCDiscountBondPayoff.h(14): error C2143: syntax error : missing ';' before '{'
     1>\\psf\home\documents\qcode\qcdvaluationengine\qc_dve_core\include\QCDiscountBondPayoff.h(14): error C2447: '{' : missing function header (old-style formal list?)
     1>\\psf\home\documents\qcode\qcdvaluationengine\qc_dve_core\include\QCFXForward.h(11): error C2065: 'QCDiscountBondPayoff' : undeclared identifier
     1>\\psf\home\documents\qcode\qcdvaluationengine\qc_dve_core\include\QCFXForward.h(11): error C2923: 'std::shared_ptr' : 'QCDiscountBondPayoff' is not a valid template type argument for parameter '_Ty'
     1>\\psf\home\documents\qcode\qcdvaluationengine\qc_dve_core\include\QCFXForward.h(11): error C3203: 'shared_ptr' : unspecialized class template can't be used as a template argument for template parameter '_Ty', expected a real type
     1>\\psf\home\documents\qcode\qcdvaluationengine\qc_dve_core\include\QCFXForward.h(43): error C2065: 'QCDiscountBondPayoff' : undeclared identifier
     1>\\psf\home\documents\qcode\qcdvaluationengine\qc_dve_core\include\QCFXForward.h(43): error C2923: 'std::shared_ptr' : 'QCDiscountBondPayoff' is not a valid template type argument for parameter '_Ty'
     1>\\psf\home\documents\qcode\qcdvaluationengine\qc_dve_core\include\QCFXForward.h(59): error C2065: 'QCDiscountBondPayoff' : undeclared identifier
     1>\\psf\home\documents\qcode\qcdvaluationengine\qc_dve_core\include\QCFXForward.h(59): error C2923: 'std::shared_ptr' : 'QCDiscountBondPayoff' is not a valid template type argument for parameter '_Ty'
     1>\\psf\home\documents\qcode\qcdvaluationengine\qc_dve_core\include\QCFXForward.h(59): error C3203: 'shared_ptr' : unspecialized class template can't be used as a template argument for template parameter '_Ty', expected a real type
         QCZeroCurveBootstrappingFromRatesAndFixedLegs.cpp
     1>\\psf\home\documents\qcode\qcdvaluationengine\qc_dve_core\include\QCDiscountBondPayoff.h(13): error C2236: unexpected token 'class'. Did you forget a ';'?
     1>\\psf\home\documents\qcode\qcdvaluationengine\qc_dve_core\include\QCDiscountBondPayoff.h(13): error C2143: syntax error : missing ';' before ':'
     1>\\psf\home\documents\qcode\qcdvaluationengine\qc_dve_core\include\QCDiscountBondPayoff.h(13): error C2059: syntax error : ':'
     1>\\psf\home\documents\qcode\qcdvaluationengine\qc_dve_core\include\QCDiscountBondPayoff.h(13): error C2059: syntax error : 'public'
     1>\\psf\home\documents\qcode\qcdvaluationengine\qc_dve_core\include\QCDiscountBondPayoff.h(14): error C2143: syntax error : missing ';' before '{'
     1>\\psf\home\documents\qcode\qcdvaluationengine\qc_dve_core\include\QCDiscountBondPayoff.h(14): error C2447: '{' : missing function header (old-style formal list?)
     1>\\psf\home\documents\qcode\qcdvaluationengine\qc_dve_core\include\QCFXForward.h(11): error C2065: 'QCDiscountBondPayoff' : undeclared identifier
     1>\\psf\home\documents\qcode\qcdvaluationengine\qc_dve_core\include\QCFXForward.h(11): error C2923: 'std::shared_ptr' : 'QCDiscountBondPayoff' is not a valid template type argument for parameter '_Ty'
     1>\\psf\home\documents\qcode\qcdvaluationengine\qc_dve_core\include\QCFXForward.h(11): error C3203: 'shared_ptr' : unspecialized class template can't be used as a template argument for template parameter '_Ty', expected a real type
     1>\\psf\home\documents\qcode\qcdvaluationengine\qc_dve_core\include\QCFXForward.h(43): error C2065: 'QCDiscountBondPayoff' : undeclared identifier
     1>\\psf\home\documents\qcode\qcdvaluationengine\qc_dve_core\include\QCFXForward.h(43): error C2923: 'std::shared_ptr' : 'QCDiscountBondPayoff' is not a valid template type argument for parameter '_Ty'
     1>\\psf\home\documents\qcode\qcdvaluationengine\qc_dve_core\include\QCFXForward.h(59): error C2065: 'QCDiscountBondPayoff' : undeclared identifier
     1>\\psf\home\documents\qcode\qcdvaluationengine\qc_dve_core\include\QCFXForward.h(59): error C2923: 'std::shared_ptr' : 'QCDiscountBondPayoff' is not a valid template type argument for parameter '_Ty'
     1>\\psf\home\documents\qcode\qcdvaluationengine\qc_dve_core\include\QCFXForward.h(59): error C3203: 'shared_ptr' : unspecialized class template can't be used as a template argument for template parameter '_Ty', expected a real type
         QCZeroCurveBootstrappingFromRatesAndFloatingLegsProjCurve.cpp
     1>\\psf\home\documents\qcode\qcdvaluationengine\qc_dve_core\include\QCDiscountBondPayoff.h(13): error C2236: unexpected token 'class'. Did you forget a ';'?
     1>\\psf\home\documents\qcode\qcdvaluationengine\qc_dve_core\include\QCDiscountBondPayoff.h(13): error C2143: syntax error : missing ';' before ':'
     1>\\psf\home\documents\qcode\qcdvaluationengine\qc_dve_core\include\QCDiscountBondPayoff.h(13): error C2059: syntax error : ':'
     1>\\psf\home\documents\qcode\qcdvaluationengine\qc_dve_core\include\QCDiscountBondPayoff.h(13): error C2059: syntax error : 'public'
     1>\\psf\home\documents\qcode\qcdvaluationengine\qc_dve_core\include\QCDiscountBondPayoff.h(14): error C2143: syntax error : missing ';' before '{'
     1>\\psf\home\documents\qcode\qcdvaluationengine\qc_dve_core\include\QCDiscountBondPayoff.h(14): error C2447: '{' : missing function header (old-style formal list?)
     1>\\psf\home\documents\qcode\qcdvaluationengine\qc_dve_core\include\QCFXForward.h(11): error C2065: 'QCDiscountBondPayoff' : undeclared identifier
     1>\\psf\home\documents\qcode\qcdvaluationengine\qc_dve_core\include\QCFXForward.h(11): error C2923: 'std::shared_ptr' : 'QCDiscountBondPayoff' is not a valid template type argument for parameter '_Ty'
     1>\\psf\home\documents\qcode\qcdvaluationengine\qc_dve_core\include\QCFXForward.h(11): error C3203: 'shared_ptr' : unspecialized class template can't be used as a template argument for template parameter '_Ty', expected a real type
     1>\\psf\home\documents\qcode\qcdvaluationengine\qc_dve_core\include\QCFXForward.h(43): error C2065: 'QCDiscountBondPayoff' : undeclared identifier
     1>\\psf\home\documents\qcode\qcdvaluationengine\qc_dve_core\include\QCFXForward.h(43): error C2923: 'std::shared_ptr' : 'QCDiscountBondPayoff' is not a valid template type argument for parameter '_Ty'
     1>\\psf\home\documents\qcode\qcdvaluationengine\qc_dve_core\include\QCFXForward.h(59): error C2065: 'QCDiscountBondPayoff' : undeclared identifier
     1>\\psf\home\documents\qcode\qcdvaluationengine\qc_dve_core\include\QCFXForward.h(59): error C2923: 'std::shared_ptr' : 'QCDiscountBondPayoff' is not a valid template type argument for parameter '_Ty'
     1>\\psf\home\documents\qcode\qcdvaluationengine\qc_dve_core\include\QCFXForward.h(59): error C3203: 'shared_ptr' : unspecialized class template can't be used as a template argument for template parameter '_Ty', expected a real type
         QCZeroCurveBootstrappingFromRatesFwdsAndFixedLegs.cpp
     1>\\psf\home\documents\qcode\qcdvaluationengine\qc_dve_core\include\QCDiscountBondPayoff.h(13): error C2236: unexpected token 'class'. Did you forget a ';'?
     1>\\psf\home\documents\qcode\qcdvaluationengine\qc_dve_core\include\QCDiscountBondPayoff.h(13): error C2143: syntax error : missing ';' before ':'
     1>\\psf\home\documents\qcode\qcdvaluationengine\qc_dve_core\include\QCDiscountBondPayoff.h(13): error C2059: syntax error : ':'
     1>\\psf\home\documents\qcode\qcdvaluationengine\qc_dve_core\include\QCDiscountBondPayoff.h(13): error C2059: syntax error : 'public'
     1>\\psf\home\documents\qcode\qcdvaluationengine\qc_dve_core\include\QCDiscountBondPayoff.h(14): error C2143: syntax error : missing ';' before '{'
     1>\\psf\home\documents\qcode\qcdvaluationengine\qc_dve_core\include\QCDiscountBondPayoff.h(14): error C2447: '{' : missing function header (old-style formal list?)
     1>\\psf\home\documents\qcode\qcdvaluationengine\qc_dve_core\include\QCFXForward.h(11): error C2065: 'QCDiscountBondPayoff' : undeclared identifier
     1>\\psf\home\documents\qcode\qcdvaluationengine\qc_dve_core\include\QCFXForward.h(11): error C2923: 'std::shared_ptr' : 'QCDiscountBondPayoff' is not a valid template type argument for parameter '_Ty'
     1>\\psf\home\documents\qcode\qcdvaluationengine\qc_dve_core\include\QCFXForward.h(11): error C3203: 'shared_ptr' : unspecialized class template can't be used as a template argument for template parameter '_Ty', expected a real type
     1>\\psf\home\documents\qcode\qcdvaluationengine\qc_dve_core\include\QCFXForward.h(43): error C2065: 'QCDiscountBondPayoff' : undeclared identifier
     1>\\psf\home\documents\qcode\qcdvaluationengine\qc_dve_core\include\QCFXForward.h(43): error C2923: 'std::shared_ptr' : 'QCDiscountBondPayoff' is not a valid template type argument for parameter '_Ty'
     1>\\psf\home\documents\qcode\qcdvaluationengine\qc_dve_core\include\QCFXForward.h(59): error C2065: 'QCDiscountBondPayoff' : undeclared identifier
     1>\\psf\home\documents\qcode\qcdvaluationengine\qc_dve_core\include\QCFXForward.h(59): error C2923: 'std::shared_ptr' : 'QCDiscountBondPayoff' is not a valid template type argument for parameter '_Ty'
     1>\\psf\home\documents\qcode\qcdvaluationengine\qc_dve_core\include\QCFXForward.h(59): error C3203: 'shared_ptr' : unspecialized class template can't be used as a template argument for template parameter '_Ty', expected a real type
         QCZeroCurveBootstrappingFromRatesFwdsAndFloatingLegs.cpp
     1>\\psf\home\documents\qcode\qcdvaluationengine\qc_dve_core\include\QCDiscountBondPayoff.h(13): error C2236: unexpected token 'class'. Did you forget a ';'?
     1>\\psf\home\documents\qcode\qcdvaluationengine\qc_dve_core\include\QCDiscountBondPayoff.h(13): error C2143: syntax error : missing ';' before ':'
     1>\\psf\home\documents\qcode\qcdvaluationengine\qc_dve_core\include\QCDiscountBondPayoff.h(13): error C2059: syntax error : ':'
     1>\\psf\home\documents\qcode\qcdvaluationengine\qc_dve_core\include\QCDiscountBondPayoff.h(13): error C2059: syntax error : 'public'
     1>\\psf\home\documents\qcode\qcdvaluationengine\qc_dve_core\include\QCDiscountBondPayoff.h(14): error C2143: syntax error : missing ';' before '{'
     1>\\psf\home\documents\qcode\qcdvaluationengine\qc_dve_core\include\QCDiscountBondPayoff.h(14): error C2447: '{' : missing function header (old-style formal list?)
     1>\\psf\home\documents\qcode\qcdvaluationengine\qc_dve_core\include\QCFXForward.h(11): error C2065: 'QCDiscountBondPayoff' : undeclared identifier
     1>\\psf\home\documents\qcode\qcdvaluationengine\qc_dve_core\include\QCFXForward.h(11): error C2923: 'std::shared_ptr' : 'QCDiscountBondPayoff' is not a valid template type argument for parameter '_Ty'
     1>\\psf\home\documents\qcode\qcdvaluationengine\qc_dve_core\include\QCFXForward.h(11): error C3203: 'shared_ptr' : unspecialized class template can't be used as a template argument for template parameter '_Ty', expected a real type
     1>\\psf\home\documents\qcode\qcdvaluationengine\qc_dve_core\include\QCFXForward.h(43): error C2065: 'QCDiscountBondPayoff' : undeclared identifier
     1>\\psf\home\documents\qcode\qcdvaluationengine\qc_dve_core\include\QCFXForward.h(43): error C2923: 'std::shared_ptr' : 'QCDiscountBondPayoff' is not a valid template type argument for parameter '_Ty'
     1>\\psf\home\documents\qcode\qcdvaluationengine\qc_dve_core\include\QCFXForward.h(59): error C2065: 'QCDiscountBondPayoff' : undeclared identifier
     1>\\psf\home\documents\qcode\qcdvaluationengine\qc_dve_core\include\QCFXForward.h(59): error C2923: 'std::shared_ptr' : 'QCDiscountBondPayoff' is not a valid template type argument for parameter '_Ty'
     1>\\psf\home\documents\qcode\qcdvaluationengine\qc_dve_core\include\QCFXForward.h(59): error C3203: 'shared_ptr' : unspecialized class template can't be used as a template argument for template parameter '_Ty', expected a real type
         main.cpp
     1>\\psf\Home\Documents\qcode\QCDValuationEngine\QC_DVE_PYBIND\Include\QCDvePyBindHelperFunctions.h(632): warning C4018: '<' : signed/unsigned mismatch
     1>\\psf\Home\Documents\qcode\QCDValuationEngine\QC_DVE_PYBIND\Include\QCDvePyBindHelperFunctions.h(663): warning C4018: '<' : signed/unsigned mismatch
     1>\\psf\Home\Documents\qcode\QCDValuationEngine\QC_DVE_PYBIND\Include\QCDvePyBindHelperFunctions.h(703): warning C4018: '<' : signed/unsigned mismatch
     1>\\psf\home\documents\qcode\qcdvaluationengine\qc_dve_core\include\QCFXForward.h(8): error C2236: unexpected token 'class'. Did you forget a ';'?
     1>\\psf\home\documents\qcode\qcdvaluationengine\qc_dve_core\include\QCFXForward.h(8): error C2143: syntax error : missing ';' before ':'
     1>\\psf\home\documents\qcode\qcdvaluationengine\qc_dve_core\include\QCFXForward.h(8): error C2059: syntax error : ':'
     1>\\psf\home\documents\qcode\qcdvaluationengine\qc_dve_core\include\QCFXForward.h(8): error C2059: syntax error : 'public'
     1>\\psf\home\documents\qcode\qcdvaluationengine\qc_dve_core\include\QCFXForward.h(9): error C2143: syntax error : missing ';' before '{'
     1>\\psf\home\documents\qcode\qcdvaluationengine\qc_dve_core\include\QCFXForward.h(9): error C2447: '{' : missing function header (old-style formal list?)
     1>\\psf\home\documents\qcode\qcdvaluationengine\qc_dve_core\include\QCInterestRateCurveGenerator.h(34): error C2065: 'QCFXForward' : undeclared identifier
     1>\\psf\home\documents\qcode\qcdvaluationengine\qc_dve_core\include\QCInterestRateCurveGenerator.h(34): error C2923: 'std::shared_ptr' : 'QCFXForward' is not a valid template type argument for parameter '_Ty'
     1>\\psf\home\documents\qcode\qcdvaluationengine\qc_dve_core\include\QCInterestRateCurveGenerator.h(34): error C3203: 'shared_ptr' : unspecialized class template can't be used as a template argument for template parameter '_Ty', expected a real type
     1>\\psf\home\documents\qcode\qcdvaluationengine\qc_dve_core\include\QCInterestRateCurveGenerator.h(102): error C2065: 'QCFXForward' : undeclared identifier
     1>\\psf\home\documents\qcode\qcdvaluationengine\qc_dve_core\include\QCInterestRateCurveGenerator.h(102): error C2923: 'std::shared_ptr' : 'QCFXForward' is not a valid template type argument for parameter '_Ty'
     1>\\psf\home\documents\qcode\qcdvaluationengine\qc_dve_core\include\QCInterestRateCurveGenerator.h(102): error C3203: 'shared_ptr' : unspecialized class template can't be used as a template argument for template parameter '_Ty', expected a real type
     1>\\psf\home\documents\qcode\qcdvaluationengine\qc_dve_core\include\QCInterestRateCurveGenerator.h(204): error C2065: 'QCFXForward' : undeclared identifier
     1>\\psf\home\documents\qcode\qcdvaluationengine\qc_dve_core\include\QCInterestRateCurveGenerator.h(204): error C2923: 'std::shared_ptr' : 'QCFXForward' is not a valid template type argument for parameter '_Ty'
     1>\\psf\home\documents\qcode\qcdvaluationengine\qc_dve_core\include\QCInterestRateCurveGenerator.h(204): error C3203: 'shared_ptr' : unspecialized class template can't be used as a template argument for template parameter '_Ty', expected a real type
     1>\\psf\home\documents\qcode\qcdvaluationengine\qc_dve_core\include\QCInterestRateCurveGenerator.h(104): error C2065: 'QCFXForward' : undeclared identifier
     1>\\psf\home\documents\qcode\qcdvaluationengine\qc_dve_core\include\QCInterestRateCurveGenerator.h(104): error C2923: 'std::shared_ptr' : 'QCFXForward' is not a valid template type argument for parameter '_Ty'
     1>\\psf\home\documents\qcode\qcdvaluationengine\qc_dve_core\include\QCInterestRateCurveGenerator.h(104): error C3203: 'shared_ptr' : unspecialized class template can't be used as a template argument for template parameter '_Ty', expected a real type
     1>\\psf\home\documents\qcode\qcdvaluationengine\qc_dve_core\include\QCInterestRateCurveGenerator.h(377): error C2653: 'QCFXForward' : is not a class or namespace name
     1>\\psf\home\documents\qcode\qcdvaluationengine\qc_dve_core\include\QCInterestRateCurveGenerator.h(377): error C2065: 'lessThan' : undeclared identifier
     1>\\psf\home\documents\qcode\qcdvaluationengine\qc_dve_core\include\QCInterestRateCurveGenerator.h(384): error C2227: left of '->getPeriod' must point to class/struct/union/generic type
                 type is 'int'
     1>\\psf\home\documents\qcode\qcdvaluationengine\qc_dve_core\include\QCInterestRateCurveGenerator.h(385): error C2227: left of '->getPeriod' must point to class/struct/union/generic type
                 type is 'int'
     1>\\psf\home\documents\qcode\qcdvaluationengine\qc_dve_core\include\QCInterestRateCurveGenerator.h(396): error C2227: left of '->getPeriod' must point to class/struct/union/generic type
                 type is 'int'
     1>\\psf\home\documents\qcode\qcdvaluationengine\qc_dve_core\include\QCInterestRateCurveGenerator.h(397): error C2227: left of '->getPeriod' must point to class/struct/union/generic type
                 type is 'int'
     1>\\psf\home\documents\qcode\qcdvaluationengine\qc_dve_core\include\QCInterestRateCurveGenerator.h(409): error C2227: left of '->getPeriod' must point to class/struct/union/generic type
                 type is 'int'
     1>\\psf\home\documents\qcode\qcdvaluationengine\qc_dve_core\include\QCInterestRateCurveGenerator.h(423): error C2227: left of '->getPeriod' must point to class/struct/union/generic type
                 type is 'int'
     1>\\psf\Home\Documents\qcode\QCDValuationEngine\QC_DVE_CORE\include\QCZeroCurveBootstrappingFromRatesFwdsAndFixedLegs.h(27): error C2065: 'QCFXForward' : undeclared identifier
     1>\\psf\Home\Documents\qcode\QCDValuationEngine\QC_DVE_CORE\include\QCZeroCurveBootstrappingFromRatesFwdsAndFixedLegs.h(27): error C2923: 'std::shared_ptr' : 'QCFXForward' is not a valid template type argument for parameter '_Ty'
     1>\\psf\Home\Documents\qcode\QCDValuationEngine\QC_DVE_CORE\include\QCZeroCurveBootstrappingFromRatesFwdsAndFixedLegs.h(27): error C3203: 'shared_ptr' : unspecialized class template can't be used as a template argument for template parameter '_Ty', expected a real type
     1>\\psf\Home\Documents\qcode\QCDValuationEngine\QC_DVE_CORE\include\QCZeroCurveBootstrappingFromRatesFwdsAndFloatingLegs.h(32): error C2065: 'QCFXForward' : undeclared identifier
     1>\\psf\Home\Documents\qcode\QCDValuationEngine\QC_DVE_CORE\include\QCZeroCurveBootstrappingFromRatesFwdsAndFloatingLegs.h(32): error C2923: 'std::shared_ptr' : 'QCFXForward' is not a valid template type argument for parameter '_Ty'
     1>\\psf\Home\Documents\qcode\QCDValuationEngine\QC_DVE_CORE\include\QCZeroCurveBootstrappingFromRatesFwdsAndFloatingLegs.h(32): error C3203: 'shared_ptr' : unspecialized class template can't be used as a template argument for template parameter '_Ty', expected a real type
     1>main.cpp(163): warning C4018: '<' : signed/unsigned mismatch
     1>main.cpp(344): warning C4018: '<' : signed/unsigned mismatch
     1>main.cpp(547): warning C4018: '<' : signed/unsigned mismatch
     1>main.cpp(760): warning C4018: '<' : signed/unsigned mismatch
     1>main.cpp(1348): error C2065: 'QCFXForward' : undeclared identifier
     1>main.cpp(1348): error C2923: 'std::shared_ptr' : 'QCFXForward' is not a valid template type argument for parameter '_Ty'
     1>main.cpp(1348): error C3203: 'shared_ptr' : unspecialized class template can't be used as a template argument for template parameter '_Ty', expected a real type
     1>main.cpp(1439): error C2065: 'QCFXForward' : undeclared identifier
     1>main.cpp(1440): error C2974: 'std::make_shared' : invalid template argument for '_Ty', type expected
                 C:\Program Files (x86)\Microsoft Visual Studio 12.0\VC\include\memory(1000) : see declaration of 'std::make_shared'
     1>main.cpp(1443): error C3536: 'fxFwd': cannot be used before it is initialized
     1>main.cpp(1636): error C2065: 'QCFXForward' : undeclared identifier
     1>main.cpp(1636): error C2923: 'std::shared_ptr' : 'QCFXForward' is not a valid template type argument for parameter '_Ty'
     1>main.cpp(1636): error C3203: 'shared_ptr' : unspecialized class template can't be used as a template argument for template parameter '_Ty', expected a real type
     1>main.cpp(1749): error C2065: 'QCFXForward' : undeclared identifier
     1>main.cpp(1750): error C2974: 'std::make_shared' : invalid template argument for '_Ty', type expected
                 C:\Program Files (x86)\Microsoft Visual Studio 12.0\VC\include\memory(1000) : see declaration of 'std::make_shared'
     1>main.cpp(1753): error C3536: 'fxFwd': cannot be used before it is initialized
     1>main.cpp(2061): error C2440: 'initializing' : cannot convert from 'initializer-list' to 'QCZeroCurveBootstrappingFromRatesAndFloatingLegsProjCurve'
                 No constructor could take the source type, or constructor overload resolution was ambiguous
     1>main.cpp(2219): warning C4018: '<' : signed/unsigned mismatch
     1>main.cpp(2441): warning C4018: '<' : signed/unsigned mismatch
     1>main.cpp(2456): warning C4244: 'argument' : conversion from 'double' to 'const unsigned long', possible loss of data
     1>main.cpp(2693): warning C4018: '<' : signed/unsigned mismatch
     1>main.cpp(2707): warning C4244: 'argument' : conversion from 'double' to 'const unsigned long', possible loss of data
     1>main.cpp(2913): warning C4018: '<' : signed/unsigned mismatch
     1>main.cpp(2928): warning C4244: 'argument' : conversion from '__int64' to 'const unsigned long', possible loss of data
     1>main.cpp(3132): warning C4018: '<' : signed/unsigned mismatch
     1>Done Building Project "\\psf\Home\Documents\qcode\QCDValuationEngine\QC_DVE_PYBIND\QC_DVE_PYBIND.vcxproj" (Build target(s)) -- FAILED.

Build FAILED.

Time Elapsed 00:00:09.81
